0 info it worked if it ends with ok
1 verbose cli [ '/home/vagrant/.nvm/versions/node/v4.5.0/bin/node',
1 verbose cli   '/home/vagrant/.nvm/versions/node/v4.5.0/bin/npm',
1 verbose cli   'start' ]
2 info using npm@2.15.9
3 info using node@v4.5.0
4 verbose run-script [ 'prestart', 'start', 'poststart' ]
5 info prestart components@1.0.0
6 verbose unsafe-perm in lifecycle true
7 info components@1.0.0 Failed to exec prestart script
8 verbose stack Error: components@1.0.0 prestart: `'node server.js'`
8 verbose stack spawn ENOENT
8 verbose stack     at ChildProcess.<anonymous> (/home/vagrant/.nvm/versions/node/v4.5.0/lib/node_modules/npm/lib/utils/spawn.js:17:16)
8 verbose stack     at emitTwo (events.js:87:13)
8 verbose stack     at ChildProcess.emit (events.js:172:7)
8 verbose stack     at maybeClose (internal/child_process.js:829:16)
8 verbose stack     at Process.ChildProcess._handle.onexit (internal/child_process.js:211:5)
9 verbose pkgid components@1.0.0
10 verbose cwd /home/vagrant/git/bootstrap
11 error Linux 3.10.0-327.28.3.el7.x86_64
12 error argv "/home/vagrant/.nvm/versions/node/v4.5.0/bin/node" "/home/vagrant/.nvm/versions/node/v4.5.0/bin/npm" "start"
13 error node v4.5.0
14 error npm  v2.15.9
15 error file sh
16 error code ELIFECYCLE
17 error errno ENOENT
18 error syscall spawn
19 error components@1.0.0 prestart: `'node server.js'`
19 error spawn ENOENT
20 error Failed at the components@1.0.0 prestart script ''node server.js''.
20 error This is most likely a problem with the components package,
20 error not with npm itself.
20 error Tell the author that this fails on your system:
20 error     'node server.js'
20 error You can get information on how to open an issue for this project with:
20 error     npm bugs components
20 error Or if that isn't available, you can get their info via:
20 error
20 error     npm owner ls components
20 error There is likely additional logging output above.
21 verbose exit [ 1, true ]
